running 38 tests
test daemon::query::sns_tests::escape_like_pattern_combined ... ok
test daemon::query::sns_tests::escape_like_pattern_no_special_chars_unchanged ... ok
test daemon::query::sns_tests::escape_like_pattern_escapes_backslash_first ... ok
test cli::transport::tcp_integration_tests::test_tcp_daemon_connection_refused ... ok
test daemon::query::sns_tests::parse_decodes_xml_entities_in_content ... ok
test daemon::query::sns_tests::parse_when_both_column_and_xml_username_empty_returns_empty_author ... ok
test daemon::query::sns_tests::parse_malformed_xml_falls_back_to_string_fields_when_column_present ... ok
test daemon::query::sns_tests::parse_malformed_xml_can_still_use_xml_username_when_column_empty ... ok
test daemon::query::sns_tests::single_image_media ... ok
test daemon::query::sns_tests::parse_without_timeline_object_falls_back_to_string_fields ... ok
test daemon::query::sns_tests::parse_handles_missing_create_time ... ok
test daemon::query::sns_tests::malformed_xml ... ok
test daemon::query::sns_tests::parse_counts_media_and_extracts_location ... ok
test daemon::query::sns_tests::parse_falls_back_to_xml_username_when_column_empty ... ok
test daemon::query::sns_tests::parse_uses_user_name_column_when_present ... ok
test daemon::query::sns_tests::size_without_total_size_omits_total_size_key ... ok
test daemon::query::sns_tests::text_only_post ... ok
test daemon::query::sns_tests::video_media ... ok
test daemon::query::sns_tests::three_images_media ... ok
test transport::tests::tcp_connector_rejects_non_tcp_addr ... ok
test transport::tests::tcp_listener_implements_listener ... ok
test scanner::tests::test_read_db_salt_nonexistent ... ok
test transport::tests::transport_addr_variants ... ok
test scanner::tests::test_collect_db_salts_empty_dir ... ok
test scanner::tests::test_collect_db_salts_skips_plaintext_sqlite ... ok
test scanner::tests::test_read_db_salt_plaintext_sqlite ... ok
test scanner::tests::test_collect_db_salts_recursive ... ok
test scanner::tests::test_collect_db_salts_ignores_non_db_extensions ... ok
test scanner::tests::test_collect_db_salts_multiple_files_unique_salts ... ok
test scanner::tests::test_collect_db_salts_finds_encrypted ... ok
test scanner::tests::test_read_db_salt_encrypted ... ok
test scanner::tests::test_read_db_salt_exactly_16_bytes ... ok
test scanner::tests::test_read_db_salt_too_short ... ok
test cli::transport::integration_tests::test_send_tcp_connection_refused ... ok
test cli::transport::integration_tests::test_is_alive_tcp_false ... ok
test cli::transport::integration_tests::test_send_tcp_round_trip ... FAILED
test cli::transport::tcp_integration_tests::test_tcp_daemon_ping_round_trip ... FAILED
test result: FAILED. 35 passed; 2 failed; 1 ignored; 0 measured; 0 filtered out; finished in 44.87s
