node:internal/modules/cjs/loader:1423
  throw err;
  ^

Error: Cannot find module 'better-sqlite3'
Require stack:
- C:\Users\david\Work\wx-cli\.gsd\worktrees\M001\[eval]
    at Module._resolveFilename (node:internal/modules/cjs/loader:1420:15)
    at defaultResolveImpl (node:internal/modules/cjs/loader:1058:19)
    at resolveForCJSWithHooks (node:internal/modules/cjs/loader:1063:22)
    at Module._load (node:internal/modules/cjs/loader:1226:37)
    at TracingChannel.traceSync (node:diagnostics_channel:328:14)
    at wrapModuleLoad (node:internal/modules/cjs/loader:244:24)
    at Module.require (node:internal/modules/cjs/loader:1503:12)
    at require (node:internal/modules/helpers:152:16)
    at [eval]:1:18
    at runScriptInThisContext (node:internal/vm:219:10) {
  code: 'MODULE_NOT_FOUND',
  requireStack: [ 'C:\\Users\\david\\Work\\wx-cli\\.gsd\\worktrees\\M001\\[eval]' ]
}

Node.js v24.11.0
